<?xml version="1.0" encoding="UTF-8"?>
<testsuite name="com.httpbench.EchoResourceTest" tests="2" skipped="0" failures="0" errors="0" timestamp="2021-08-30T03:11:34" hostname="2500df3ae83e" time="0.759">
  <properties/>
  <testcase name="testHappyPath" classname="com.httpbench.EchoResourceTest" time="0.664"/>
  <testcase name="testErrorPath" classname="com.httpbench.EchoResourceTest" time="0.095"/>
  <system-out><![CDATA[Mon Aug 30 03:11:34 UTC 2021 GET
Mon Aug 30 03:11:34 UTC 2021 GET
]]></system-out>
  <system-err><![CDATA[Aug 30, 2021 3:11:34 AM org.glassfish.jersey.message.internal.MessagingBinders$EnabledProvidersBinder bindToBinder
WARNING: A class jakarta.activation.DataSource for a default provider MessageBodyWriter<jakarta.activation.DataSource> was not found. The provider is not available.
Aug 30, 2021 3:11:34 AM org.glassfish.jersey.server.wadl.WadlFeature configure
WARNING: JAX-B API not found . WADL feature is disabled.
Aug 30, 2021 3:11:34 AM org.glassfish.grizzly.http.server.NetworkListener start
INFO: Started listener bound to [localhost:8888]
Aug 30, 2021 3:11:34 AM org.glassfish.grizzly.http.server.HttpServer start
INFO: [HttpServer] Started.
Aug 30, 2021 3:11:34 AM org.glassfish.jersey.message.internal.MessagingBinders$EnabledProvidersBinder bindToBinder
WARNING: A class jakarta.activation.DataSource for a default provider MessageBodyWriter<jakarta.activation.DataSource> was not found. The provider is not available.
Aug 30, 2021 3:11:34 AM org.glassfish.grizzly.http.server.NetworkListener shutdownNow
INFO: Stopped listener bound to [localhost:8888]
Aug 30, 2021 3:11:34 AM org.glassfish.jersey.message.internal.MessagingBinders$EnabledProvidersBinder bindToBinder
WARNING: A class jakarta.activation.DataSource for a default provider MessageBodyWriter<jakarta.activation.DataSource> was not found. The provider is not available.
Aug 30, 2021 3:11:34 AM org.glassfish.jersey.server.wadl.WadlFeature configure
WARNING: JAX-B API not found . WADL feature is disabled.
Aug 30, 2021 3:11:34 AM org.glassfish.grizzly.http.server.NetworkListener start
INFO: Started listener bound to [localhost:8888]
Aug 30, 2021 3:11:34 AM org.glassfish.grizzly.http.server.HttpServer start
INFO: [HttpServer-1] Started.
Aug 30, 2021 3:11:34 AM org.glassfish.jersey.message.internal.MessagingBinders$EnabledProvidersBinder bindToBinder
WARNING: A class jakarta.activation.DataSource for a default provider MessageBodyWriter<jakarta.activation.DataSource> was not found. The provider is not available.
Aug 30, 2021 3:11:34 AM org.glassfish.grizzly.http.server.NetworkListener shutdownNow
INFO: Stopped listener bound to [localhost:8888]
]]></system-err>
</testsuite>
